F:\VISUAL STUDIO 2012\PROJECTS\COCOS2DXGAME\COCOS2DXGAME\DEBUG\ABOUT.OBJ
F:\VISUAL STUDIO 2012\PROJECTS\COCOS2DXGAME\COCOS2DXGAME\DEBUG\APPDELEGATE.OBJ
F:\VISUAL STUDIO 2012\PROJECTS\COCOS2DXGAME\COCOS2DXGAME\DEBUG\BULLET.OBJ
F:\VISUAL STUDIO 2012\PROJECTS\COCOS2DXGAME\COCOS2DXGAME\DEBUG\CONFIG.OBJ
F:\VISUAL STUDIO 2012\PROJECTS\COCOS2DXGAME\COCOS2DXGAME\DEBUG\EFFECT.OBJ
F:\VISUAL STUDIO 2012\PROJECTS\COCOS2DXGAME\COCOS2DXGAME\DEBUG\ENEMY.OBJ
F:\VISUAL STUDIO 2012\PROJECTS\COCOS2DXGAME\COCOS2DXGAME\DEBUG\GAMELAYER.OBJ
F:\VISUAL STUDIO 2012\PROJECTS\COCOS2DXGAME\COCOS2DXGAME\DEBUG\GAMEOVER.OBJ
F:\VISUAL STUDIO 2012\PROJECTS\COCOS2DXGAME\COCOS2DXGAME\DEBUG\LEVELMANAGER.OBJ
F:\VISUAL STUDIO 2012\PROJECTS\COCOS2DXGAME\COCOS2DXGAME\DEBUG\OPTIONS.OBJ
F:\VISUAL STUDIO 2012\PROJECTS\COCOS2DXGAME\COCOS2DXGAME\DEBUG\PAUSELAYER.OBJ
F:\VISUAL STUDIO 2012\PROJECTS\COCOS2DXGAME\COCOS2DXGAME\DEBUG\SHIP.OBJ
F:\VISUAL STUDIO 2012\PROJECTS\COCOS2DXGAME\COCOS2DXGAME\DEBUG\STARTMENU.OBJ
F:\VISUAL STUDIO 2012\PROJECTS\COCOS2DXGAME\COCOS2DXGAME\DEBUG\UNITSPRITE.OBJ
F:\VISUAL STUDIO 2012\PROJECTS\COCOS2DXGAME\COCOS2DXGAME\DEBUG\COCOS2DXGAME.OBJ
F:\VISUAL STUDIO 2012\PROJECTS\COCOS2DXGAME\COCOS2DXGAME\DEBUG\VC110.PDB
F:\VISUAL STUDIO 2012\PROJECTS\COCOS2DXGAME\DEBUG\COCOS2DXGAME.ILK
F:\VISUAL STUDIO 2012\PROJECTS\COCOS2DXGAME\DEBUG\COCOS2DXGAME.EXE
F:\VISUAL STUDIO 2012\PROJECTS\COCOS2DXGAME\DEBUG\COCOS2DXGAME.PDB
F:\visual studio 2012\Projects\Cocos2dxGame\Cocos2dxGame\Debug\About.obj
F:\visual studio 2012\Projects\Cocos2dxGame\Cocos2dxGame\Debug\AppDelegate.obj
F:\visual studio 2012\Projects\Cocos2dxGame\Cocos2dxGame\Debug\Bullet.obj
F:\visual studio 2012\Projects\Cocos2dxGame\Cocos2dxGame\Debug\Cocos2dxGame.obj
F:\visual studio 2012\Projects\Cocos2dxGame\Cocos2dxGame\Debug\Config.obj
F:\visual studio 2012\Projects\Cocos2dxGame\Cocos2dxGame\Debug\Effect.obj
F:\visual studio 2012\Projects\Cocos2dxGame\Cocos2dxGame\Debug\Enemy.obj
F:\visual studio 2012\Projects\Cocos2dxGame\Cocos2dxGame\Debug\GameLayer.obj
F:\visual studio 2012\Projects\Cocos2dxGame\Cocos2dxGame\Debug\GameOver.obj
F:\visual studio 2012\Projects\Cocos2dxGame\Cocos2dxGame\Debug\LevelManager.obj
F:\visual studio 2012\Projects\Cocos2dxGame\Cocos2dxGame\Debug\Options.obj
F:\visual studio 2012\Projects\Cocos2dxGame\Cocos2dxGame\Debug\PauseLayer.obj
F:\visual studio 2012\Projects\Cocos2dxGame\Cocos2dxGame\Debug\Ship.obj
F:\visual studio 2012\Projects\Cocos2dxGame\Cocos2dxGame\Debug\StartMenu.obj
F:\visual studio 2012\Projects\Cocos2dxGame\Cocos2dxGame\Debug\UnitSprite.obj
F:\visual studio 2012\Projects\Cocos2dxGame\Cocos2dxGame\Debug\cl.command.1.tlog
F:\visual studio 2012\Projects\Cocos2dxGame\Cocos2dxGame\Debug\CL.read.1.tlog
F:\visual studio 2012\Projects\Cocos2dxGame\Cocos2dxGame\Debug\CL.write.1.tlog
F:\visual studio 2012\Projects\Cocos2dxGame\Cocos2dxGame\Debug\link-cvtres.read.1.tlog
F:\visual studio 2012\Projects\Cocos2dxGame\Cocos2dxGame\Debug\link-cvtres.write.1.tlog
F:\visual studio 2012\Projects\Cocos2dxGame\Cocos2dxGame\Debug\link-rc.read.1.tlog
F:\visual studio 2012\Projects\Cocos2dxGame\Cocos2dxGame\Debug\link-rc.write.1.tlog
F:\visual studio 2012\Projects\Cocos2dxGame\Cocos2dxGame\Debug\link.26704-cvtres.read.1.tlog
F:\visual studio 2012\Projects\Cocos2dxGame\Cocos2dxGame\Debug\link.26704-cvtres.write.1.tlog
F:\visual studio 2012\Projects\Cocos2dxGame\Cocos2dxGame\Debug\link.26704-rc.read.1.tlog
F:\visual studio 2012\Projects\Cocos2dxGame\Cocos2dxGame\Debug\link.26704-rc.write.1.tlog
F:\visual studio 2012\Projects\Cocos2dxGame\Cocos2dxGame\Debug\link.26704.read.1.tlog
F:\visual studio 2012\Projects\Cocos2dxGame\Cocos2dxGame\Debug\link.26704.write.1.tlog
F:\visual studio 2012\Projects\Cocos2dxGame\Cocos2dxGame\Debug\link.4796-cvtres.read.1.tlog
F:\visual studio 2012\Projects\Cocos2dxGame\Cocos2dxGame\Debug\link.4796-cvtres.write.1.tlog
F:\visual studio 2012\Projects\Cocos2dxGame\Cocos2dxGame\Debug\link.4796-rc.read.1.tlog
F:\visual studio 2012\Projects\Cocos2dxGame\Cocos2dxGame\Debug\link.4796-rc.write.1.tlog
F:\visual studio 2012\Projects\Cocos2dxGame\Cocos2dxGame\Debug\link.4796.read.1.tlog
F:\visual studio 2012\Projects\Cocos2dxGame\Cocos2dxGame\Debug\link.4796.write.1.tlog
F:\visual studio 2012\Projects\Cocos2dxGame\Cocos2dxGame\Debug\link.command.1.tlog
F:\visual studio 2012\Projects\Cocos2dxGame\Cocos2dxGame\Debug\link.read.1.tlog
F:\visual studio 2012\Projects\Cocos2dxGame\Cocos2dxGame\Debug\link.write.1.tlog
F:\visual studio 2012\Projects\Cocos2dxGame\Cocos2dxGame\Debug\vc110.idb
F:\visual studio 2012\Projects\Cocos2dxGame\Cocos2dxGame\Debug\vc110.pdb
F:\visual studio 2012\Projects\Cocos2dxGame\Debug\Cocos2dxGame.pdb
F:\visual studio 2012\Projects\Cocos2dxGame\Debug\Cocos2dxGame.exe
F:\visual studio 2012\Projects\Cocos2dxGame\Debug\Cocos2dxGame.ilk
